דוח חנויות 24.11.xlsx
דוח חנויות 25.11.xlsx
דוח חנויות 26.11.xlsx
דוח חנויות 27.11.xlsx
דוח חנויות 30.11.xlsx
דוח חנויות  1.12.xlsx
דוח חנויות 02.12.xlsx
דוח חנויות 3.12.xlsx
דוח חנויות 04.12.xlsx
דוח חנויות 07.12.xlsx
דוח חנויות 08.12.xlsx
דוח חנויות 09.12.xlsx
דוח חנויות 10.12.xlsx
דוח חנויות 11.12.xlsx
דוח חנויות 15.12.xlsx
דוח תפוז חנויות 16.12.xlsx
דוח חנויות 17.12.xlsx
דוח חנויות 18.12.xlsx
דוח חנויות 19.12.xlsx
דוח חנויות 21.12.xlsx
דוח חנויות 22.12 מספר 1.xlsx
דוח חנויות 22.12.25.xlsx
דוח חנויות 23.12.xlsx
דוח חנויות 25.12.xlsx
דוח חנויות 28.12.25.xlsx
חנויות תפוז 29.12.xlsx
חנויות תפוז 30.12.xlsx
חנויות תפוז 31.12.xlsx
דוח חנויות 01.01.xlsx
דוח חנויות 04.01.26.xlsx
דוח חנויות 05.1.26.xlsx
דוח חנויות 06.01.26.xlsx
דוח חנויות 07.01.26.xlsx
דוח חנויות 8.1.xlsx
דוח חנויות 11.01.26.xlsx
דוח חנויות 11.01.26 פעימה שניה.xlsx
דוח חנויות 12.01.xlsx
דוח חנויות 12.01.26.xlsx
דוח חנויות 13.01.26.xlsx
דוח חנויות 14.01.26.xlsx
דוח חנויות 15.01.26.xlsx
דוח חנויות 18.01.26.xlsx
דוח חנויות 18.01.26 פעימה שניה.xlsx
דוח חנויות 19.01.26.xlsx
דוח חנויות 20.01.xlsx
דוח חנויות 21.01 פעימה ראשונה.xlsx
דוח חנויות 21.01.26.xlsx
דוח חנויות 22.1.26.xlsx
דוח חנויות 22.01.26 פעימה שניה.xlsx
דוח חנויות 25.01.26.xlsx
דוח חנויות 26.01.26.xlsx
דוח חנויות 26.01.xlsx
דוח חנויות 27.01.26.xlsx
דוח חנויות 27.01.xlsx
